Form data requires "python-multipart" to be installed. 
You can install "python-multipart" with: 

pip install python-multipart

Traceback (most recent call last):
  File "/home/andrewcrane/vetria-project/nfpa-permit-system/ai/venv/bin/uvicorn", line 8, in <module>
    sys.exit(main())
             ^^^^^^
  File "/home/andrewcrane/vetria-project/nfpa-permit-system/ai/venv/lib/python3.12/site-packages/click/core.py", line 1442, in __call__
    return self.main(*args, **kwargs)
           ^^^^^^^^^^^^^^^^^^^^^^^^^^
  File "/home/andrewcrane/vetria-project/nfpa-permit-system/ai/venv/lib/python3.12/site-packages/click/core.py", line 1363, in main
    rv = self.invoke(ctx)
         ^^^^^^^^^^^^^^^^
  File "/home/andrewcrane/vetria-project/nfpa-permit-system/ai/venv/lib/python3.12/site-packages/click/core.py", line 1226, in invoke
    return ctx.invoke(self.callback, **ctx.params)
           ^^^^^^^^^^^^^^^^^^^^^^^^^^^^^^^^^^^^^^^
  File "/home/andrewcrane/vetria-project/nfpa-permit-system/ai/venv/lib/python3.12/site-packages/click/core.py", line 794, in invoke
    return callback(*args, **kwargs)
           ^^^^^^^^^^^^^^^^^^^^^^^^^
  File "/home/andrewcrane/vetria-project/nfpa-permit-system/ai/venv/lib/python3.12/site-packages/uvicorn/main.py", line 413, in main
    run(
  File "/home/andrewcrane/vetria-project/nfpa-permit-system/ai/venv/lib/python3.12/site-packages/uvicorn/main.py", line 580, in run
    server.run()
  File "/home/andrewcrane/vetria-project/nfpa-permit-system/ai/venv/lib/python3.12/site-packages/uvicorn/server.py", line 66, in run
    return asyncio.run(self.serve(sockets=sockets))
           ^^^^^^^^^^^^^^^^^^^^^^^^^^^^^^^^^^^^^^^^
  File "/usr/lib/python3.12/asyncio/runners.py", line 194, in run
    return runner.run(main)
           ^^^^^^^^^^^^^^^^
  File "/usr/lib/python3.12/asyncio/runners.py", line 118, in run
    return self._loop.run_until_complete(task)
           ^^^^^^^^^^^^^^^^^^^^^^^^^^^^^^^^^^^
  File "/usr/lib/python3.12/asyncio/base_events.py", line 687, in run_until_complete
    return future.result()
           ^^^^^^^^^^^^^^^
  File "/home/andrewcrane/vetria-project/nfpa-permit-system/ai/venv/lib/python3.12/site-packages/uvicorn/server.py", line 70, in serve
    await self._serve(sockets)
  File "/home/andrewcrane/vetria-project/nfpa-permit-system/ai/venv/lib/python3.12/site-packages/uvicorn/server.py", line 77, in _serve
    config.load()
  File "/home/andrewcrane/vetria-project/nfpa-permit-system/ai/venv/lib/python3.12/site-packages/uvicorn/config.py", line 435, in load
    self.loaded_app = import_from_string(self.app)
                      ^^^^^^^^^^^^^^^^^^^^^^^^^^^^
  File "/home/andrewcrane/vetria-project/nfpa-permit-system/ai/venv/lib/python3.12/site-packages/uvicorn/importer.py", line 19, in import_from_string
    module = importlib.import_module(module_str)
             ^^^^^^^^^^^^^^^^^^^^^^^^^^^^^^^^^^^
  File "/usr/lib/python3.12/importlib/__init__.py", line 90, in import_module
    return _bootstrap._gcd_import(name[level:], package, level)
           ^^^^^^^^^^^^^^^^^^^^^^^^^^^^^^^^^^^^^^^^^^^^^^^^^^^^
  File "<frozen importlib._bootstrap>", line 1387, in _gcd_import
  File "<frozen importlib._bootstrap>", line 1360, in _find_and_load
  File "<frozen importlib._bootstrap>", line 1331, in _find_and_load_unlocked
  File "<frozen importlib._bootstrap>", line 935, in _load_unlocked
  File "<frozen importlib._bootstrap_external>", line 995, in exec_module
  File "<frozen importlib._bootstrap>", line 488, in _call_with_frames_removed
  File "/home/andrewcrane/vetria-project/nfpa-permit-system/ai/app.py", line 87, in <module>
    @app.post('/checklist-validate')
     ^^^^^^^^^^^^^^^^^^^^^^^^^^^^^^^
  File "/home/andrewcrane/vetria-project/nfpa-permit-system/ai/venv/lib/python3.12/site-packages/fastapi/routing.py", line 994, in decorator
    self.add_api_route(
  File "/home/andrewcrane/vetria-project/nfpa-permit-system/ai/venv/lib/python3.12/site-packages/fastapi/routing.py", line 933, in add_api_route
    route = route_class(
            ^^^^^^^^^^^^
  File "/home/andrewcrane/vetria-project/nfpa-permit-system/ai/venv/lib/python3.12/site-packages/fastapi/routing.py", line 554, in __init__
    self.dependant = get_dependant(path=self.path_format, call=self.endpoint)
                     ^^^^^^^^^^^^^^^^^^^^^^^^^^^^^^^^^^^^^^^^^^^^^^^^^^^^^^^^
  File "/home/andrewcrane/vetria-project/nfpa-permit-system/ai/venv/lib/python3.12/site-packages/fastapi/dependencies/utils.py", line 285, in get_dependant
    param_details = analyze_param(
                    ^^^^^^^^^^^^^^
  File "/home/andrewcrane/vetria-project/nfpa-permit-system/ai/venv/lib/python3.12/site-packages/fastapi/dependencies/utils.py", line 482, in analyze_param
    ensure_multipart_is_installed()
  File "/home/andrewcrane/vetria-project/nfpa-permit-system/ai/venv/lib/python3.12/site-packages/fastapi/dependencies/utils.py", line 115, in ensure_multipart_is_installed
    raise RuntimeError(multipart_not_installed_error) from None
RuntimeError: Form data requires "python-multipart" to be installed. 
You can install "python-multipart" with: 

pip install python-multipart

